# JRE version: OpenJDK Runtime Environment (17.0.9) (build 17.0.9+0--11185874)
# Java VM: OpenJDK 64-Bit Server VM (17.0.9+0--11185874, mixed mode, tiered, compressed oops, compressed class ptrs, g1 gc, windows-amd64)
GC Precious Log:
 CPUs: 12 total, 12 available
 Memory: 15791M
 Large Page Support: Disabled
 NUMA Support: Disabled
 Compressed Oops: Enabled (32-bit)
 Heap Region Size: 1M
 Heap Min Capacity: 8M
 Heap Initial Capacity: 248M
 Heap Max Capacity: 2G
 Pre-touch: Disabled
 Parallel Workers: 10
 Concurrent Workers: 3
 Concurrent Refinement Workers: 10
 Periodic GC: Disabled
Heap:
 garbage-first heap   total 257024K, used 119068K [0x0000000080000000, 0x0000000100000000)
  region size 1024K, 4 young (4096K), 4 survivors (4096K)
 Metaspace       used 107628K, committed 108480K, reserved 1179648K
  class space    used 14822K, committed 15232K, reserved 1048576K
GC Heap History (20 events):
Event: 135.709 GC heap after
{Heap after GC invocations=37 (full 0):
 garbage-first heap   total 167936K, used 92271K [0x0000000080000000, 0x0000000100000000)
  region size 1024K, 7 young (7168K), 7 survivors (7168K)
 Metaspace       used 94598K, committed 95360K, reserved 1179648K
  class space    used 13065K, committed 13440K, reserved 1048576K
}
Event: 136.664 GC heap before
{Heap before GC invocations=37 (full 0):
 garbage-first heap   total 167936K, used 138351K [0x0000000080000000, 0x0000000100000000)
  region size 1024K, 52 young (53248K), 7 survivors (7168K)
 Metaspace       used 98086K, committed 98816K, reserved 1179648K
  class space    used 13587K, committed 13952K, reserved 1048576K
}
Event: 136.673 GC heap after
{Heap after GC invocations=38 (full 0):
 garbage-first heap   total 167936K, used 94694K [0x0000000080000000, 0x0000000100000000)
  region size 1024K, 6 young (6144K), 6 survivors (6144K)
 Metaspace       used 98086K, committed 98816K, reserved 1179648K
  class space    used 13587K, committed 13952K, reserved 1048576K
}
Event: 137.659 GC heap before
{Heap before GC invocations=38 (full 0):
 garbage-first heap   total 167936K, used 139750K [0x0000000080000000, 0x0000000100000000)
  region size 1024K, 50 young (51200K), 6 survivors (6144K)
 Metaspace       used 101677K, committed 102400K, reserved 1179648K
  class space    used 14048K, committed 14400K, reserved 1048576K
}
Event: 137.665 GC heap after
{Heap after GC invocations=39 (full 0):
 garbage-first heap   total 167936K, used 97801K [0x0000000080000000, 0x0000000100000000)
  region size 1024K, 6 young (6144K), 6 survivors (6144K)
 Metaspace       used 101677K, committed 102400K, reserved 1179648K
  class space    used 14048K, committed 14400K, reserved 1048576K
}
Event: 138.126 GC heap before
{Heap before GC invocations=39 (full 0):
 garbage-first heap   total 167936K, used 128521K [0x0000000080000000, 0x0000000100000000)
  region size 1024K, 38 young (38912K), 6 survivors (6144K)
 Metaspace       used 103517K, committed 104256K, reserved 1179648K
  class space    used 14259K, committed 14592K, reserved 1048576K
}
Event: 138.134 GC heap after
{Heap after GC invocations=40 (full 0):
 garbage-first heap   total 167936K, used 101845K [0x0000000080000000, 0x0000000100000000)
  region size 1024K, 6 young (6144K), 6 survivors (6144K)
 Metaspace       used 103517K, committed 104256K, reserved 1179648K
  class space    used 14259K, committed 14592K, reserved 1048576K
}
Event: 140.681 GC heap before
{Heap before GC invocations=41 (full 0):
 garbage-first heap   total 174080K, used 143829K [0x0000000080000000, 0x0000000100000000)
  region size 1024K, 43 young (44032K), 6 survivors (6144K)
 Metaspace       used 106332K, committed 107136K, reserved 1179648K
  class space    used 14674K, committed 15040K, reserved 1048576K
}
Event: 140.690 GC heap after
{Heap after GC invocations=42 (full 0):
 garbage-first heap   total 174080K, used 107459K [0x0000000080000000, 0x0000000100000000)
  region size 1024K, 6 young (6144K), 6 survivors (6144K)
 Metaspace       used 106332K, committed 107136K, reserved 1179648K
  class space    used 14674K, committed 15040K, reserved 1048576K
}
Event: 140.702 GC heap before
{Heap before GC invocations=42 (full 0):
 garbage-first heap   total 174080K, used 109507K [0x0000000080000000, 0x0000000100000000)
  region size 1024K, 8 young (8192K), 6 survivors (6144K)
 Metaspace       used 106355K, committed 107136K, reserved 1179648K
  class space    used 14676K, committed 15040K, reserved 1048576K
}
Event: 140.708 GC heap after
{Heap after GC invocations=43 (full 0):
 garbage-first heap   total 174080K, used 107396K [0x0000000080000000, 0x0000000100000000)
  region size 1024K, 1 young (1024K), 1 survivors (1024K)
 Metaspace       used 106355K, committed 107136K, reserved 1179648K
  class space    used 14676K, committed 15040K, reserved 1048576K
}
Event: 140.909 GC heap before
{Heap before GC invocations=43 (full 0):
 garbage-first heap   total 174080K, used 144260K [0x0000000080000000, 0x0000000100000000)
  region size 1024K, 37 young (37888K), 1 survivors (1024K)
 Metaspace       used 106639K, committed 107392K, reserved 1179648K
  class space    used 14742K, committed 15104K, reserved 1048576K
}
Event: 140.913 GC heap after
{Heap after GC invocations=44 (full 0):
 garbage-first heap   total 174080K, used 109765K [0x0000000080000000, 0x0000000100000000)
  region size 1024K, 4 young (4096K), 4 survivors (4096K)
 Metaspace       used 106639K, committed 107392K, reserved 1179648K
  class space    used 14742K, committed 15104K, reserved 1048576K
}
Event: 141.298 GC heap before
{Heap before GC invocations=44 (full 0):
 garbage-first heap   total 174080K, used 142533K [0x0000000080000000, 0x0000000100000000)
  region size 1024K, 37 young (37888K), 4 survivors (4096K)
 Metaspace       used 106820K, committed 107584K, reserved 1179648K
  class space    used 14749K, committed 15104K, reserved 1048576K
}
Event: 141.304 GC heap after
{Heap after GC invocations=45 (full 0):
 garbage-first heap   total 174080K, used 112577K [0x0000000080000000, 0x0000000100000000)
  region size 1024K, 5 young (5120K), 5 survivors (5120K)
 Metaspace       used 106820K, committed 107584K, reserved 1179648K
  class space    used 14749K, committed 15104K, reserved 1048576K
}
Event: 141.838 GC heap before
{Heap before GC invocations=45 (full 0):
 garbage-first heap   total 174080K, used 143297K [0x0000000080000000, 0x0000000100000000)
  region size 1024K, 36 young (36864K), 5 survivors (5120K)
 Metaspace       used 107200K, committed 107968K, reserved 1179648K
  class space    used 14780K, committed 15168K, reserved 1048576K
}
Event: 141.844 GC heap after
{Heap after GC invocations=46 (full 0):
 garbage-first heap   total 174080K, used 115599K [0x0000000080000000, 0x0000000100000000)
  region size 1024K, 5 young (5120K), 5 survivors (5120K)
 Metaspace       used 107200K, committed 107968K, reserved 1179648K
  class space    used 14780K, committed 15168K, reserved 1048576K
}
Event: 142.034 GC heap before
{Heap before GC invocations=46 (full 0):
 garbage-first heap   total 174080K, used 142223K [0x0000000080000000, 0x0000000100000000)
  region size 1024K, 32 young (32768K), 5 survivors (5120K)
 Metaspace       used 107334K, committed 108160K, reserved 1179648K
  class space    used 14789K, committed 15168K, reserved 1048576K
}
Event: 142.039 GC heap after
{Heap after GC invocations=47 (full 0):
 garbage-first heap   total 174080K, used 117177K [0x0000000080000000, 0x0000000100000000)
  region size 1024K, 4 young (4096K), 4 survivors (4096K)
 Metaspace       used 107334K, committed 108160K, reserved 1179648K
  class space    used 14789K, committed 15168K, reserved 1048576K
}
Event: 142.432 GC heap before
{Heap before GC invocations=47 (full 0):
 garbage-first heap   total 174080K, used 142777K [0x0000000080000000, 0x0000000100000000)
  region size 1024K, 30 young (30720K), 4 survivors (4096K)
 Metaspace       used 107628K, committed 108480K, reserved 1179648K
  class space    used 14822K, committed 15232K, reserved 1048576K
}

